2021-09-22 23:44:57:238 org.hibernate.jpa.internal.util.LogHelper.logPersistenceUnitInformation(LogHelper.java:31)evel - HHH000204: Processing PersistenceUnitInfo [name: default] 
2021-09-22 23:44:57:346 org.hibernate.Version.logVersion(Version.java:44)evel - HHH000412: Hibernate ORM core version 5.4.32.Final 
2021-09-22 23:44:57:801 org.hibernate.annotations.common.reflection.java.JavaReflectionManager.<clinit>(JavaReflectionManager.java:56)evel - HCANN000001: Hibernate Commons Annotations {5.1.2.Final} 
2021-09-22 23:45:06:624 org.hibernate.engine.jdbc.env.internal.JdbcEnvironmentInitiator.initiateService(JdbcEnvironmentInitiator.java:132)evel - HHH000342: Could not obtain connection to query metadata 
org.postgresql.util.PSQLException: This connection has been closed.
	at org.postgresql.jdbc.PgConnection.checkClosed(PgConnection.java:877)
	at org.postgresql.jdbc.PgConnection.setTransactionIsolation(PgConnection.java:936)
	at com.zaxxer.hikari.pool.PoolBase.setupConnection(PoolBase.java:419)
	at com.zaxxer.hikari.pool.PoolBase.newConnection(PoolBase.java:369)
	at com.zaxxer.hikari.pool.PoolBase.newPoolEntry(PoolBase.java:206)
	at com.zaxxer.hikari.pool.HikariPool.createPoolEntry(HikariPool.java:476)
	at com.zaxxer.hikari.pool.HikariPool.checkFailFast(HikariPool.java:561)
	at com.zaxxer.hikari.pool.HikariPool.<init>(HikariPool.java:115)
	at com.zaxxer.hikari.HikariDataSource.getConnection(HikariDataSource.java:112)
	at org.hibernate.engine.jdbc.connections.internal.DatasourceConnectionProviderImpl.getConnection(DatasourceConnectionProviderImpl.java:122)
	at org.hibernate.engine.jdbc.env.internal.JdbcEnvironmentInitiator$ConnectionProviderJdbcConnectionAccess.obtainConnection(JdbcEnvironmentInitiator.java:180)
	at org.hibernate.engine.jdbc.env.internal.JdbcEnvironmentInitiator.initiateService(JdbcEnvironmentInitiator.java:68)
	at org.hibernate.engine.jdbc.env.internal.JdbcEnvironmentInitiator.initiateService(JdbcEnvironmentInitiator.java:35)
	at org.hibernate.boot.registry.internal.StandardServiceRegistryImpl.initiateService(StandardServiceRegistryImpl.java:101)
	at org.hibernate.service.internal.AbstractServiceRegistryImpl.createService(AbstractServiceRegistryImpl.java:263)
	at org.hibernate.service.internal.AbstractServiceRegistryImpl.initializeService(AbstractServiceRegistryImpl.java:237)
	at org.hibernate.service.internal.AbstractServiceRegistryImpl.getService(AbstractServiceRegistryImpl.java:214)
	at org.hibernate.id.factory.internal.DefaultIdentifierGeneratorFactory.injectServices(DefaultIdentifierGeneratorFactory.java:152)
	at org.hibernate.service.internal.AbstractServiceRegistryImpl.injectDependencies(AbstractServiceRegistryImpl.java:286)
	at org.hibernate.service.internal.AbstractServiceRegistryImpl.initializeService(AbstractServiceRegistryImpl.java:243)
	at org.hibernate.service.internal.AbstractServiceRegistryImpl.getService(AbstractServiceRegistryImpl.java:214)
	at org.hibernate.boot.internal.InFlightMetadataCollectorImpl.<init>(InFlightMetadataCollectorImpl.java:176)
	at org.hibernate.boot.model.process.spi.MetadataBuildingProcess.complete(MetadataBuildingProcess.java:127)
	at org.hibernate.jpa.boot.internal.EntityManagerFactoryBuilderImpl.metadata(EntityManagerFactoryBuilderImpl.java:1224)
	at org.hibernate.jpa.boot.internal.EntityManagerFactoryBuilderImpl.build(EntityManagerFactoryBuilderImpl.java:1255)
	at org.springframework.orm.jpa.vendor.SpringHibernateJpaPersistenceProvider.createContainerEntityManagerFactory(SpringHibernateJpaPersistenceProvider.java:58)
	at org.springframework.orm.jpa.LocalContainerEntityManagerFactoryBean.createNativeEntityManagerFactory(LocalContainerEntityManagerFactoryBean.java:365)
	at org.springframework.orm.jpa.AbstractEntityManagerFactoryBean.buildNativeEntityManagerFactory(AbstractEntityManagerFactoryBean.java:409)
	at org.springframework.orm.jpa.AbstractEntityManagerFactoryBean.afterPropertiesSet(AbstractEntityManagerFactoryBean.java:396)
	at org.springframework.orm.jpa.LocalContainerEntityManagerFactoryBean.afterPropertiesSet(LocalContainerEntityManagerFactoryBean.java:341)
	at org.springframework.beans.factory.support.AbstractAutowireCapableBeanFactory.invokeInitMethods(AbstractAutowireCapableBeanFactory.java:1845)
	at org.springframework.beans.factory.support.AbstractAutowireCapableBeanFactory.initializeBean(AbstractAutowireCapableBeanFactory.java:1782)
	at org.springframework.beans.factory.support.AbstractAutowireCapableBeanFactory.doCreateBean(AbstractAutowireCapableBeanFactory.java:602)
	at org.springframework.beans.factory.support.AbstractAutowireCapableBeanFactory.createBean(AbstractAutowireCapableBeanFactory.java:524)
	at org.springframework.beans.factory.support.AbstractBeanFactory.lambda$doGetBean$0(AbstractBeanFactory.java:335)
	at org.springframework.beans.factory.support.DefaultSingletonBeanRegistry.getSingleton(DefaultSingletonBeanRegistry.java:234)
	at org.springframework.beans.factory.support.AbstractBeanFactory.doGetBean(AbstractBeanFactory.java:333)
	at org.springframework.beans.factory.support.AbstractBeanFactory.getBean(AbstractBeanFactory.java:208)
	at org.springframework.context.support.AbstractApplicationContext.getBean(AbstractApplicationContext.java:1154)
	at org.springframework.context.support.AbstractApplicationContext.finishBeanFactoryInitialization(AbstractApplicationContext.java:908)
	at org.springframework.context.support.AbstractApplicationContext.refresh(AbstractApplicationContext.java:583)
	at org.springframework.boot.SpringApplication.refresh(SpringApplication.java:754)
	at org.springframework.boot.SpringApplication.refreshContext(SpringApplication.java:434)
	at org.springframework.boot.SpringApplication.run(SpringApplication.java:338)
	at org.springframework.boot.test.context.SpringBootContextLoader.loadContext(SpringBootContextLoader.java:123)
	at org.springframework.test.context.cache.DefaultCacheAwareContextLoaderDelegate.loadContextInternal(DefaultCacheAwareContextLoaderDelegate.java:99)
	at org.springframework.test.context.cache.DefaultCacheAwareContextLoaderDelegate.loadContext(DefaultCacheAwareContextLoaderDelegate.java:124)
	at org.springframework.test.context.support.DefaultTestContext.getApplicationContext(DefaultTestContext.java:124)
	at org.springframework.test.context.web.ServletTestExecutionListener.setUpRequestContextIfNecessary(ServletTestExecutionListener.java:190)
	at org.springframework.test.context.web.ServletTestExecutionListener.prepareTestInstance(ServletTestExecutionListener.java:132)
	at org.springframework.test.context.TestContextManager.prepareTestInstance(TestContextManager.java:244)
	at org.springframework.test.context.junit.jupiter.SpringExtension.postProcessTestInstance(SpringExtension.java:138)
	at org.junit.jupiter.engine.descriptor.ClassBasedTestDescriptor.lambda$invokeTestInstancePostProcessors$6(ClassBasedTestDescriptor.java:350)
	at org.junit.jupiter.engine.descriptor.ClassBasedTestDescriptor.executeAndMaskThrowable(ClassBasedTestDescriptor.java:355)
	at org.junit.jupiter.engine.descriptor.ClassBasedTestDescriptor.lambda$invokeTestInstancePostProcessors$7(ClassBasedTestDescriptor.java:350)
	at java.util.stream.ReferencePipeline$3$1.accept(ReferencePipeline.java:193)
	at java.util.stream.ReferencePipeline$2$1.accept(ReferencePipeline.java:175)
	at java.util.ArrayList$ArrayListSpliterator.forEachRemaining(ArrayList.java:1384)
	at java.util.stream.AbstractPipeline.copyInto(AbstractPipeline.java:482)
	at java.util.stream.AbstractPipeline.wrapAndCopyInto(AbstractPipeline.java:472)
	at java.util.stream.StreamSpliterators$WrappingSpliterator.forEachRemaining(StreamSpliterators.java:312)
	at java.util.stream.Streams$ConcatSpliterator.forEachRemaining(Streams.java:743)
	at java.util.stream.Streams$ConcatSpliterator.forEachRemaining(Streams.java:742)
	at java.util.stream.ReferencePipeline$Head.forEach(ReferencePipeline.java:580)
	at org.junit.jupiter.engine.descriptor.ClassBasedTestDescriptor.invokeTestInstancePostProcessors(ClassBasedTestDescriptor.java:349)
	at org.junit.jupiter.engine.descriptor.ClassBasedTestDescriptor.lambda$instantiateAndPostProcessTestInstance$4(ClassBasedTestDescriptor.java:270)
	at org.junit.platform.engine.support.hierarchical.ThrowableCollector.execute(ThrowableCollector.java:73)
	at org.junit.jupiter.engine.descriptor.ClassBasedTestDescriptor.instantiateAndPostProcessTestInstance(ClassBasedTestDescriptor.java:269)
	at org.junit.jupiter.engine.descriptor.ClassBasedTestDescriptor.lambda$testInstancesProvider$2(ClassBasedTestDescriptor.java:259)
	at java.util.Optional.orElseGet(Optional.java:267)
	at org.junit.jupiter.engine.descriptor.ClassBasedTestDescriptor.lambda$testInstancesProvider$3(ClassBasedTestDescriptor.java:258)
	at org.junit.jupiter.engine.execution.TestInstancesProvider.getTestInstances(TestInstancesProvider.java:31)
	at org.junit.jupiter.engine.descriptor.TestMethodTestDescriptor.lambda$prepare$0(TestMethodTestDescriptor.java:101)
	at org.junit.platform.engine.support.hierarchical.ThrowableCollector.execute(ThrowableCollector.java:73)
	at org.junit.jupiter.engine.descriptor.TestMethodTestDescriptor.prepare(TestMethodTestDescriptor.java:100)
	at org.junit.jupiter.engine.descriptor.TestMethodTestDescriptor.prepare(TestMethodTestDescriptor.java:65)
	at org.junit.platform.engine.support.hierarchical.NodeTestTask.lambda$prepare$1(NodeTestTask.java:111)
	at org.junit.platform.engine.support.hierarchical.ThrowableCollector.execute(ThrowableCollector.java:73)
	at org.junit.platform.engine.support.hierarchical.NodeTestTask.prepare(NodeTestTask.java:111)
	at org.junit.platform.engine.support.hierarchical.NodeTestTask.execute(NodeTestTask.java:79)
	at java.util.ArrayList.forEach(ArrayList.java:1259)
	at org.junit.platform.engine.support.hierarchical.SameThreadHierarchicalTestExecutorService.invokeAll(SameThreadHierarchicalTestExecutorService.java:38)
	at org.junit.platform.engine.support.hierarchical.NodeTestTask.lambda$executeRecursively$5(NodeTestTask.java:143)
	at org.junit.platform.engine.support.hierarchical.ThrowableCollector.execute(ThrowableCollector.java:73)
	at org.junit.platform.engine.support.hierarchical.NodeTestTask.lambda$executeRecursively$7(NodeTestTask.java:129)
	at org.junit.platform.engine.support.hierarchical.Node.around(Node.java:137)
	at org.junit.platform.engine.support.hierarchical.NodeTestTask.lambda$executeRecursively$8(NodeTestTask.java:127)
	at org.junit.platform.engine.support.hierarchical.ThrowableCollector.execute(ThrowableCollector.java:73)
	at org.junit.platform.engine.support.hierarchical.NodeTestTask.executeRecursively(NodeTestTask.java:126)
	at org.junit.platform.engine.support.hierarchical.NodeTestTask.execute(NodeTestTask.java:84)
	at java.util.ArrayList.forEach(ArrayList.java:1259)
	at org.junit.platform.engine.support.hierarchical.SameThreadHierarchicalTestExecutorService.invokeAll(SameThreadHierarchicalTestExecutorService.java:38)
	at org.junit.platform.engine.support.hierarchical.NodeTestTask.lambda$executeRecursively$5(NodeTestTask.java:143)
	at org.junit.platform.engine.support.hierarchical.ThrowableCollector.execute(ThrowableCollector.java:73)
	at org.junit.platform.engine.support.hierarchical.NodeTestTask.lambda$executeRecursively$7(NodeTestTask.java:129)
	at org.junit.platform.engine.support.hierarchical.Node.around(Node.java:137)
	at org.junit.platform.engine.support.hierarchical.NodeTestTask.lambda$executeRecursively$8(NodeTestTask.java:127)
	at org.junit.platform.engine.support.hierarchical.ThrowableCollector.execute(ThrowableCollector.java:73)
	at org.junit.platform.engine.support.hierarchical.NodeTestTask.executeRecursively(NodeTestTask.java:126)
	at org.junit.platform.engine.support.hierarchical.NodeTestTask.execute(NodeTestTask.java:84)
	at org.junit.platform.engine.support.hierarchical.SameThreadHierarchicalTestExecutorService.submit(SameThreadHierarchicalTestExecutorService.java:32)
	at org.junit.platform.engine.support.hierarchical.HierarchicalTestExecutor.execute(HierarchicalTestExecutor.java:57)
	at org.junit.platform.engine.support.hierarchical.HierarchicalTestEngine.execute(HierarchicalTestEngine.java:51)
	at org.junit.platform.launcher.core.DefaultLauncher.execute(DefaultLauncher.java:220)
	at org.junit.platform.launcher.core.DefaultLauncher.lambda$execute$6(DefaultLauncher.java:188)
	at org.junit.platform.launcher.core.DefaultLauncher.withInterceptedStreams(DefaultLauncher.java:202)
	at org.junit.platform.launcher.core.DefaultLauncher.execute(DefaultLauncher.java:181)
	at org.junit.platform.launcher.core.DefaultLauncher.execute(DefaultLauncher.java:128)
	at org.apache.maven.surefire.junitplatform.JUnitPlatformProvider.invokeAllTests(JUnitPlatformProvider.java:150)
	at org.apache.maven.surefire.junitplatform.JUnitPlatformProvider.invoke(JUnitPlatformProvider.java:124)
	at org.apache.maven.surefire.booter.ForkedBooter.invokeProviderInSameClassLoader(ForkedBooter.java:384)
	at org.apache.maven.surefire.booter.ForkedBooter.runSuitesInProcess(ForkedBooter.java:345)
	at org.apache.maven.surefire.booter.ForkedBooter.execute(ForkedBooter.java:126)
	at org.apache.maven.surefire.booter.ForkedBooter.main(ForkedBooter.java:418)
2021-09-22 23:45:06:707 org.hibernate.dialect.Dialect.<init>(Dialect.java:175)evel - HHH000400: Using dialect: org.hibernate.dialect.PostgreSQLDialect 
2021-09-22 23:45:48:877 org.hibernate.engine.transaction.jta.platform.internal.JtaPlatformInitiator.initiateService(JtaPlatformInitiator.java:52)evel - HHH000490: Using JtaPlatform implementation: [org.hibernate.engine.transaction.jta.platform.internal.NoJtaPlatform] 
2021-09-22 23:46:47:953 org.hibernate.jpa.internal.util.LogHelper.logPersistenceUnitInformation(LogHelper.java:31)evel - HHH000204: Processing PersistenceUnitInfo [name: default] 
2021-09-22 23:46:48:023 org.hibernate.Version.logVersion(Version.java:44)evel - HHH000412: Hibernate ORM core version 5.4.32.Final 
2021-09-22 23:46:48:349 org.hibernate.annotations.common.reflection.java.JavaReflectionManager.<clinit>(JavaReflectionManager.java:56)evel - HCANN000001: Hibernate Commons Annotations {5.1.2.Final} 
2021-09-22 23:46:56:329 org.hibernate.dialect.Dialect.<init>(Dialect.java:175)evel - HHH000400: Using dialect: org.hibernate.dialect.PostgreSQLDialect 
2021-09-22 23:53:02:600 org.hibernate.engine.transaction.jta.platform.internal.JtaPlatformInitiator.initiateService(JtaPlatformInitiator.java:52)evel - HHH000490: Using JtaPlatform implementation: [org.hibernate.engine.transaction.jta.platform.internal.NoJtaPlatform] 
2021-09-22 23:53:27:258 com.ncert.survey.utils.SignatureUtil.isSignatureValid(SignatureUtil.java:149)evel - Received Signature:D6uR/xT8sBPdUv2Mf0pbIS28/mm96+ikI9D6ENjIQ20= 
2021-09-22 23:53:27:260 com.ncert.survey.utils.SignatureUtil.isSignatureValid(SignatureUtil.java:150)evel - Derived Signature:D6uR/xT8sBPdUv2Mf0pbIS28/mm96+ikI9D6ENjIQ20= 
2021-09-22 23:53:28:985 com.ncert.survey.businessMgr.SurveyMgrImpl.otpRequest(SurveyMgrImpl.java:395)evel - getOTPRequest :- Response : Status Code NP_SERVICE_004 Status Desc : Survey link is not generated for this respondent 
2021-09-23 00:00:18:851 org.hibernate.jpa.internal.util.LogHelper.logPersistenceUnitInformation(LogHelper.java:31)evel - HHH000204: Processing PersistenceUnitInfo [name: default] 
2021-09-23 00:00:27:205 org.hibernate.dialect.Dialect.<init>(Dialect.java:175)evel - HHH000400: Using dialect: org.hibernate.dialect.PostgreSQLDialect 
2021-09-23 00:06:15:782 org.hibernate.engine.transaction.jta.platform.internal.JtaPlatformInitiator.initiateService(JtaPlatformInitiator.java:52)evel - HHH000490: Using JtaPlatform implementation: [org.hibernate.engine.transaction.jta.platform.internal.NoJtaPlatform] 
2021-09-23 00:07:28:954 org.hibernate.jpa.internal.util.LogHelper.logPersistenceUnitInformation(LogHelper.java:31)evel - HHH000204: Processing PersistenceUnitInfo [name: default] 
2021-09-23 00:07:35:629 org.hibernate.dialect.Dialect.<init>(Dialect.java:175)evel - HHH000400: Using dialect: org.hibernate.dialect.PostgreSQLDialect 
2021-09-23 00:13:14:769 org.hibernate.engine.transaction.jta.platform.internal.JtaPlatformInitiator.initiateService(JtaPlatformInitiator.java:52)evel - HHH000490: Using JtaPlatform implementation: [org.hibernate.engine.transaction.jta.platform.internal.NoJtaPlatform] 
2021-09-23 00:13:37:888 com.ncert.survey.utils.SignatureUtil.isSignatureValid(SignatureUtil.java:149)evel - Received Signature:CR2s4eiG85J6llwri30363Zs+HFIz2d9M5iD26wf5pU= 
2021-09-23 00:13:37:888 com.ncert.survey.utils.SignatureUtil.isSignatureValid(SignatureUtil.java:150)evel - Derived Signature:CR2s4eiG85J6llwri30363Zs+HFIz2d9M5iD26wf5pU= 
2021-09-23 00:13:37:899 com.ncert.survey.businessMgr.RedisMgrImpl.processQuestionnaire(RedisMgrImpl.java:66)evel - ------------------------------- RedisMgrImpl : getQuestionnaire-------------------------- 
2021-09-23 00:13:39:267 com.ncert.survey.businessMgr.RedisMgrImpl.processQuestionnaire(RedisMgrImpl.java:109)evel - getQuestionnaire :- Response : Status CodeNP_SERVICE_004Status Desc : Survey link is not generated for this respondentSurvey link is not generated for this respondent 
2021-09-23 00:13:39:268 com.ncert.survey.businessMgr.RedisMgrImpl.processQuestionnaire(RedisMgrImpl.java:125)evel - getQuestionnaire :- Response : Status CodeNP_SERVICE_004Status Desc : Survey link is not generated for this respondent 
2021-09-23 09:54:15:385 org.hibernate.jpa.internal.util.LogHelper.logPersistenceUnitInformation(LogHelper.java:31)evel - HHH000204: Processing PersistenceUnitInfo [name: default] 
2021-09-23 09:54:24:452 org.hibernate.dialect.Dialect.<init>(Dialect.java:175)evel - HHH000400: Using dialect: org.hibernate.dialect.PostgreSQLDialect 
2021-09-23 10:00:47:383 org.hibernate.engine.transaction.jta.platform.internal.JtaPlatformInitiator.initiateService(JtaPlatformInitiator.java:52)evel - HHH000490: Using JtaPlatform implementation: [org.hibernate.engine.transaction.jta.platform.internal.NoJtaPlatform] 
2021-09-23 10:00:56:334 org.hibernate.jpa.internal.util.LogHelper.logPersistenceUnitInformation(LogHelper.java:31)evel - HHH000204: Processing PersistenceUnitInfo [name: default] 
2021-09-23 10:01:03:728 org.hibernate.dialect.Dialect.<init>(Dialect.java:175)evel - HHH000400: Using dialect: org.hibernate.dialect.PostgreSQLDialect 
2021-09-23 10:07:14:083 org.hibernate.engine.transaction.jta.platform.internal.JtaPlatformInitiator.initiateService(JtaPlatformInitiator.java:52)evel - HHH000490: Using JtaPlatform implementation: [org.hibernate.engine.transaction.jta.platform.internal.NoJtaPlatform] 
2021-09-23 10:23:11:043 org.hibernate.jpa.internal.util.LogHelper.logPersistenceUnitInformation(LogHelper.java:31)evel - HHH000204: Processing PersistenceUnitInfo [name: default] 
2021-09-23 10:23:11:149 org.hibernate.Version.logVersion(Version.java:44)evel - HHH000412: Hibernate ORM core version 5.4.32.Final 
2021-09-23 10:23:11:722 org.hibernate.annotations.common.reflection.java.JavaReflectionManager.<clinit>(JavaReflectionManager.java:56)evel - HCANN000001: Hibernate Commons Annotations {5.1.2.Final} 
2021-09-23 10:23:20:633 org.hibernate.dialect.Dialect.<init>(Dialect.java:175)evel - HHH000400: Using dialect: org.hibernate.dialect.PostgreSQLDialect 
2021-09-23 10:29:50:885 org.hibernate.engine.transaction.jta.platform.internal.JtaPlatformInitiator.initiateService(JtaPlatformInitiator.java:52)evel - HHH000490: Using JtaPlatform implementation: [org.hibernate.engine.transaction.jta.platform.internal.NoJtaPlatform] 
2021-09-23 10:35:50:021 org.hibernate.jpa.internal.util.LogHelper.logPersistenceUnitInformation(LogHelper.java:31)evel - HHH000204: Processing PersistenceUnitInfo [name: default] 
2021-09-23 10:35:56:812 org.hibernate.dialect.Dialect.<init>(Dialect.java:175)evel - HHH000400: Using dialect: org.hibernate.dialect.PostgreSQLDialect 
2021-09-23 10:42:27:933 org.hibernate.engine.transaction.jta.platform.internal.JtaPlatformInitiator.initiateService(JtaPlatformInitiator.java:52)evel - HHH000490: Using JtaPlatform implementation: [org.hibernate.engine.transaction.jta.platform.internal.NoJtaPlatform] 
2021-09-23 10:44:33:931 org.hibernate.jpa.internal.util.LogHelper.logPersistenceUnitInformation(LogHelper.java:31)evel - HHH000204: Processing PersistenceUnitInfo [name: default] 
2021-09-23 10:44:40:934 org.hibernate.dialect.Dialect.<init>(Dialect.java:175)evel - HHH000400: Using dialect: org.hibernate.dialect.PostgreSQLDialect 
2021-09-23 10:50:53:201 org.hibernate.engine.transaction.jta.platform.internal.JtaPlatformInitiator.initiateService(JtaPlatformInitiator.java:52)evel - HHH000490: Using JtaPlatform implementation: [org.hibernate.engine.transaction.jta.platform.internal.NoJtaPlatform] 
2021-09-23 10:51:10:426 com.ncert.survey.utils.SignatureUtil.isSignatureValid(SignatureUtil.java:149)evel - Received Signature:xueSS9qAk+SA9c16k9hUqw8mgfP7FNPGi8keKNK6LdM= 
2021-09-23 10:51:10:427 com.ncert.survey.utils.SignatureUtil.isSignatureValid(SignatureUtil.java:150)evel - Derived Signature:xueSS9qAk+SA9c16k9hUqw8mgfP7FNPGi8keKNK6LdM= 
2021-09-23 10:51:11:944 com.ncert.survey.businessMgr.RedisMgrImpl.processQuestionnaire(RedisMgrImpl.java:70)evel - ------------------------------- RedisMgrImpl : getQuestionnaire-------------------------- 
2021-09-23 10:51:15:206 com.ncert.survey.businessMgr.RedisMgrImpl.processQuestionnaire(RedisMgrImpl.java:129)evel - getQuestionnaire :- Response : Status CodeNP_SERVICE_001Status Desc : Your request has been processed successfully 
2021-09-23 10:51:15:421 com.ncert.survey.utils.SignatureUtil.isSignatureValid(SignatureUtil.java:149)evel - Received Signature:t0ItvG8sSqTCVUxBm7fZ9q/+qfKLXbpjuu8V91IvR0g= 
2021-09-23 10:51:15:426 com.ncert.survey.utils.SignatureUtil.isSignatureValid(SignatureUtil.java:150)evel - Derived Signature:t0ItvG8sSqTCVUxBm7fZ9q/+qfKLXbpjuu8V91IvR0g= 
2021-09-23 10:51:15:430 com.ncert.survey.businessMgr.SurveyMgrImpl.saveSurveyData(SurveyMgrImpl.java:188)evel - ------------------------------- Survey Mgr Impl --------------------------- 
2021-09-23 10:51:18:591 com.ncert.survey.businessMgr.RedisMgrImpl.putSurveyData(RedisMgrImpl.java:218)evel - ------------------------------- RedisMgrImpl : PutSurveyData-------------------------- 
2021-09-23 10:51:19:259 com.ncert.survey.businessMgr.RedisMgrImpl.putSurveyData(RedisMgrImpl.java:226)evel - putSurveyData :- Response : Status CodeNP_SERVICE_001  Status Desc : Your request has been processed successfully 
2021-09-23 10:51:19:261 com.ncert.survey.businessMgr.RedisMgrImpl.putSurveyData(RedisMgrImpl.java:248)evel - putSurveyData :- Response : Status CodeNP_SERVICE_001Status Desc : Your request has been processed successfully 
2021-09-23 10:51:19:263 com.ncert.survey.businessMgr.SurveyMgrImpl.saveSurveyData(SurveyMgrImpl.java:249)evel - saveSurveyData :- Response : Status CodeNP_SERVICE_001Status Desc : Your request has been processed successfully 
2021-09-23 11:09:54:825 org.hibernate.jpa.internal.util.LogHelper.logPersistenceUnitInformation(LogHelper.java:31)evel - HHH000204: Processing PersistenceUnitInfo [name: default] 
2021-09-23 11:10:02:174 org.hibernate.dialect.Dialect.<init>(Dialect.java:175)evel - HHH000400: Using dialect: org.hibernate.dialect.PostgreSQLDialect 
2021-09-23 11:16:11:938 org.hibernate.engine.transaction.jta.platform.internal.JtaPlatformInitiator.initiateService(JtaPlatformInitiator.java:52)evel - HHH000490: Using JtaPlatform implementation: [org.hibernate.engine.transaction.jta.platform.internal.NoJtaPlatform] 
2021-09-23 11:16:20:281 org.hibernate.jpa.internal.util.LogHelper.logPersistenceUnitInformation(LogHelper.java:31)evel - HHH000204: Processing PersistenceUnitInfo [name: default] 
2021-09-23 11:16:28:284 org.hibernate.dialect.Dialect.<init>(Dialect.java:175)evel - HHH000400: Using dialect: org.hibernate.dialect.PostgreSQLDialect 
2021-09-23 11:22:02:039 org.hibernate.engine.transaction.jta.platform.internal.JtaPlatformInitiator.initiateService(JtaPlatformInitiator.java:52)evel - HHH000490: Using JtaPlatform implementation: [org.hibernate.engine.transaction.jta.platform.internal.NoJtaPlatform] 
2021-09-23 12:55:17:781 org.hibernate.jpa.internal.util.LogHelper.logPersistenceUnitInformation(LogHelper.java:31)evel - HHH000204: Processing PersistenceUnitInfo [name: default] 
2021-09-23 12:55:23:821 org.hibernate.dialect.Dialect.<init>(Dialect.java:175)evel - HHH000400: Using dialect: org.hibernate.dialect.PostgreSQLDialect 
2021-09-23 13:01:11:807 org.hibernate.engine.transaction.jta.platform.internal.JtaPlatformInitiator.initiateService(JtaPlatformInitiator.java:52)evel - HHH000490: Using JtaPlatform implementation: [org.hibernate.engine.transaction.jta.platform.internal.NoJtaPlatform] 
2021-09-23 13:01:20:419 org.hibernate.jpa.internal.util.LogHelper.logPersistenceUnitInformation(LogHelper.java:31)evel - HHH000204: Processing PersistenceUnitInfo [name: default] 
2021-09-23 13:01:26:436 org.hibernate.dialect.Dialect.<init>(Dialect.java:175)evel - HHH000400: Using dialect: org.hibernate.dialect.PostgreSQLDialect 
2021-09-23 13:07:08:744 org.hibernate.engine.transaction.jta.platform.internal.JtaPlatformInitiator.initiateService(JtaPlatformInitiator.java:52)evel - HHH000490: Using JtaPlatform implementation: [org.hibernate.engine.transaction.jta.platform.internal.NoJtaPlatform] 
2021-09-23 13:07:22:446 org.hibernate.jpa.internal.util.LogHelper.logPersistenceUnitInformation(LogHelper.java:31)evel - HHH000204: Processing PersistenceUnitInfo [name: default] 
2021-09-23 13:07:28:685 org.hibernate.dialect.Dialect.<init>(Dialect.java:175)evel - HHH000400: Using dialect: org.hibernate.dialect.PostgreSQLDialect 
2021-09-23 13:12:50:811 org.hibernate.engine.transaction.jta.platform.internal.JtaPlatformInitiator.initiateService(JtaPlatformInitiator.java:52)evel - HHH000490: Using JtaPlatform implementation: [org.hibernate.engine.transaction.jta.platform.internal.NoJtaPlatform] 
2021-09-23 13:12:59:101 org.hibernate.jpa.internal.util.LogHelper.logPersistenceUnitInformation(LogHelper.java:31)evel - HHH000204: Processing PersistenceUnitInfo [name: default] 
2021-09-23 13:13:05:476 org.hibernate.dialect.Dialect.<init>(Dialect.java:175)evel - HHH000400: Using dialect: org.hibernate.dialect.PostgreSQLDialect 
2021-09-23 13:18:29:380 org.hibernate.engine.transaction.jta.platform.internal.JtaPlatformInitiator.initiateService(JtaPlatformInitiator.java:52)evel - HHH000490: Using JtaPlatform implementation: [org.hibernate.engine.transaction.jta.platform.internal.NoJtaPlatform] 
2021-09-23 13:18:39:546 org.hibernate.jpa.internal.util.LogHelper.logPersistenceUnitInformation(LogHelper.java:31)evel - HHH000204: Processing PersistenceUnitInfo [name: default] 
2021-09-23 13:18:44:993 org.hibernate.dialect.Dialect.<init>(Dialect.java:175)evel - HHH000400: Using dialect: org.hibernate.dialect.PostgreSQLDialect 
2021-09-23 13:24:02:517 org.hibernate.engine.transaction.jta.platform.internal.JtaPlatformInitiator.initiateService(JtaPlatformInitiator.java:52)evel - HHH000490: Using JtaPlatform implementation: [org.hibernate.engine.transaction.jta.platform.internal.NoJtaPlatform] 
2021-09-23 13:24:10:739 org.hibernate.jpa.internal.util.LogHelper.logPersistenceUnitInformation(LogHelper.java:31)evel - HHH000204: Processing PersistenceUnitInfo [name: default] 
2021-09-23 13:24:16:524 org.hibernate.dialect.Dialect.<init>(Dialect.java:175)evel - HHH000400: Using dialect: org.hibernate.dialect.PostgreSQLDialect 
2021-09-23 13:29:33:677 org.hibernate.engine.transaction.jta.platform.internal.JtaPlatformInitiator.initiateService(JtaPlatformInitiator.java:52)evel - HHH000490: Using JtaPlatform implementation: [org.hibernate.engine.transaction.jta.platform.internal.NoJtaPlatform] 
2021-09-23 13:33:24:481 org.hibernate.jpa.internal.util.LogHelper.logPersistenceUnitInformation(LogHelper.java:31)evel - HHH000204: Processing PersistenceUnitInfo [name: default] 
2021-09-23 13:33:30:312 org.hibernate.dialect.Dialect.<init>(Dialect.java:175)evel - HHH000400: Using dialect: org.hibernate.dialect.PostgreSQLDialect 
2021-09-24 15:21:46:780 com.ncert.survey.SurveyApplication.main(SurveyApplication.java:18)evel - Initializing 
2021-09-24 15:21:49:158 com.ncert.survey.SurveyApplication.main(SurveyApplication.java:18)evel - Initializing 
2021-09-24 15:22:20:634 org.hibernate.jpa.internal.util.LogHelper.logPersistenceUnitInformation(LogHelper.java:31)evel - HHH000204: Processing PersistenceUnitInfo [name: default] 
2021-09-24 15:22:20:920 org.hibernate.Version.logVersion(Version.java:44)evel - HHH000412: Hibernate ORM core version 5.4.32.Final 
2021-09-24 15:22:22:112 org.hibernate.annotations.common.reflection.java.JavaReflectionManager.<clinit>(JavaReflectionManager.java:56)evel - HCANN000001: Hibernate Commons Annotations {5.1.2.Final} 
2021-09-24 15:22:36:197 org.hibernate.dialect.Dialect.<init>(Dialect.java:175)evel - HHH000400: Using dialect: org.hibernate.dialect.PostgreSQLDialect 
2021-09-24 15:28:54:121 org.hibernate.engine.transaction.jta.platform.internal.JtaPlatformInitiator.initiateService(JtaPlatformInitiator.java:52)evel - HHH000490: Using JtaPlatform implementation: [org.hibernate.engine.transaction.jta.platform.internal.NoJtaPlatform] 
2021-09-24 15:38:19:310 com.ncert.survey.utils.SignatureUtil.isSignatureValid(SignatureUtil.java:149)evel - Received Signature:d72Ny0ChvBjID1JfuA7GssOvc1XOkI0sQdlAiNJHIX0= 
2021-09-24 15:38:19:312 com.ncert.survey.utils.SignatureUtil.isSignatureValid(SignatureUtil.java:150)evel - Derived Signature:d72Ny0ChvBjID1JfuA7GssOvc1XOkI0sQdlAiNJHIX0= 
2021-09-24 15:38:19:442 com.ncert.survey.businessMgr.SurveyMgrImpl.saveSurveyData(SurveyMgrImpl.java:200)evel - ------------------------------- Survey Mgr Impl --------------------------- 
2021-09-24 15:38:24:845 com.ncert.survey.businessMgr.RedisMgrImpl.putSurveyData(RedisMgrImpl.java:218)evel - ------------------------------- RedisMgrImpl : PutSurveyData-------------------------- 
2021-09-24 15:38:25:485 com.ncert.survey.businessMgr.RedisMgrImpl.putSurveyData(RedisMgrImpl.java:226)evel - putSurveyData :- Response : Status CodeNP_SERVICE_001  Status Desc : Your request has been processed successfully 
2021-09-24 15:38:25:488 com.ncert.survey.businessMgr.RedisMgrImpl.putSurveyData(RedisMgrImpl.java:248)evel - putSurveyData :- Response : Status CodeNP_SERVICE_001Status Desc : Your request has been processed successfully 
2021-09-24 15:38:25:490 com.ncert.survey.businessMgr.SurveyMgrImpl.saveSurveyData(SurveyMgrImpl.java:248)evel - surveyorRespondentDetails: SurveyorRespondentDetails(respdtDetailsId=647, userId=123, firstName=shalini, lastName=sharma, mobileNumber=9205306223, url=http://89.233.105.5:8180/ncert-service/survey?userID=22&phoneNumber=9205306223&respondentType=Teacher&stateId=23, status=1, state=MstrState(stateId=23, stateName=MIZORAM, stateCode=15, createdTime=2021-08-02 22:46:14.094173, modifiedTime=2021-08-02 22:46:14.094173, createdBy=System, modifiedBy=null, status=A, stateUt=S), respondentType=Teacher, isSurveySubmitted=1, email_id=shalini.sharma@netprophetsglobal.com, createdTime=2021-09-09 11:51:58.686886, modifiedTime=Fri Sep 24 15:38:25 IST 2021, createdBy=SYSTEM, modifiedBy=123) 
2021-09-24 15:38:26:507 org.hibernate.engine.jdbc.spi.SqlExceptionHelper.logExceptions(SqlExceptionHelper.java:137)evel - SQL Error: 0, SQLState: 0A000 
2021-09-24 15:38:26:508 org.hibernate.engine.jdbc.spi.SqlExceptionHelper.logExceptions(SqlExceptionHelper.java:142)evel - ERROR: modifying the partition value of rows is not allowed 
2021-09-24 15:38:26:527 com.ncert.survey.businessMgr.SurveyMgrImpl.saveSurveyData(SurveyMgrImpl.java:294)evel - save survey data exception : org.springframework.orm.jpa.JpaSystemException: could not execute statement; nested exception is org.hibernate.exception.GenericJDBCException: could not execute statement 
2021-10-01 18:39:49:236 com.ncert.survey.TestClient.getQuestionair(TestClient.java:362)evel - ------------------------------- Test-getQuestionair --------------------------- 
2021-10-04 12:26:13:470 com.ncert.survey.TestClient.getQuestionair(TestClient.java:362)evel - ------------------------------- Test-getQuestionair --------------------------- 
2021-10-04 14:50:40:799 com.ncert.survey.TestClient.getQuestionair(TestClient.java:362)evel - ------------------------------- Test-getQuestionair --------------------------- 
2021-10-05 10:53:55:344 com.ncert.survey.utils.SignatureUtil.isSignatureValid(SignatureUtil.java:149)evel - Received Signature:2vogU94tt9aXDkyFa91g7XE+iSkJkK3BoGlZKdTOUkc= 
2021-10-05 10:53:55:357 com.ncert.survey.utils.SignatureUtil.isSignatureValid(SignatureUtil.java:150)evel - Derived Signature:2vogU94tt9aXDkyFa91g7XE+iSkJkK3BoGlZKdTOUkc= 
2021-10-05 13:00:39:004 com.ncert.survey.utils.SignatureUtil.isSignatureValid(SignatureUtil.java:149)evel - Received Signature:NCDhKg4Qvx8cixb8DKjeUzOJDyrseh8S66B52MSP7wc= 
2021-10-05 13:00:39:008 com.ncert.survey.utils.SignatureUtil.isSignatureValid(SignatureUtil.java:150)evel - Derived Signature:NCDhKg4Qvx8cixb8DKjeUzOJDyrseh8S66B52MSP7wc= 
2021-10-05 13:27:23:983 com.ncert.survey.utils.SignatureUtil.isSignatureValid(SignatureUtil.java:149)evel - Received Signature:p7GKqYQLeXGc3mHmADlNjRseRVPJZaY4cFWz0IhgQww= 
2021-10-05 13:27:23:988 com.ncert.survey.utils.SignatureUtil.isSignatureValid(SignatureUtil.java:150)evel - Derived Signature:p7GKqYQLeXGc3mHmADlNjRseRVPJZaY4cFWz0IhgQww= 
2021-10-05 13:31:29:209 com.ncert.survey.utils.SignatureUtil.isSignatureValid(SignatureUtil.java:149)evel - Received Signature:CheGjBgOaITcJFwwxEaBaEHmcnb+0PcJCZrubiEz5no= 
2021-10-05 13:31:29:212 com.ncert.survey.utils.SignatureUtil.isSignatureValid(SignatureUtil.java:150)evel - Derived Signature:CheGjBgOaITcJFwwxEaBaEHmcnb+0PcJCZrubiEz5no= 
2021-10-05 13:39:13:132 com.ncert.survey.utils.SignatureUtil.isSignatureValid(SignatureUtil.java:149)evel - Received Signature:+yz+xK2XHVVLbpNNbKWh6s87Q0fTJzIhDqCkhZd/uJ4= 
2021-10-05 13:39:13:136 com.ncert.survey.utils.SignatureUtil.isSignatureValid(SignatureUtil.java:150)evel - Derived Signature:+yz+xK2XHVVLbpNNbKWh6s87Q0fTJzIhDqCkhZd/uJ4= 
2021-10-29 03:24:29:637 org.hibernate.jpa.internal.util.LogHelper.logPersistenceUnitInformation(LogHelper.java:31)evel - HHH000204: Processing PersistenceUnitInfo [name: default] 
2021-10-29 03:24:29:776 org.hibernate.Version.logVersion(Version.java:44)evel - HHH000412: Hibernate ORM core version 5.4.32.Final 
2021-10-29 03:24:30:040 org.hibernate.annotations.common.reflection.java.JavaReflectionManager.<clinit>(JavaReflectionManager.java:56)evel - HCANN000001: Hibernate Commons Annotations {5.1.2.Final} 
2021-10-29 03:24:35:194 org.hibernate.dialect.Dialect.<init>(Dialect.java:175)evel - HHH000400: Using dialect: org.hibernate.dialect.PostgreSQLDialect 
2022-02-07 18:00:47:751 org.hibernate.jpa.internal.util.LogHelper.logPersistenceUnitInformation(LogHelper.java:31)evel - HHH000204: Processing PersistenceUnitInfo [name: default] 
2022-02-07 18:00:47:821 org.hibernate.Version.logVersion(Version.java:44)evel - HHH000412: Hibernate ORM core version 5.4.32.Final 
2022-02-07 18:00:48:006 org.hibernate.annotations.common.reflection.java.JavaReflectionManager.<clinit>(JavaReflectionManager.java:56)evel - HCANN000001: Hibernate Commons Annotations {5.1.2.Final} 
2022-02-07 18:00:51:852 org.hibernate.dialect.Dialect.<init>(Dialect.java:175)evel - HHH000400: Using dialect: org.hibernate.dialect.PostgreSQLDialect 
2022-02-07 18:05:17:152 org.hibernate.engine.transaction.jta.platform.internal.JtaPlatformInitiator.initiateService(JtaPlatformInitiator.java:52)evel - HHH000490: Using JtaPlatform implementation: [org.hibernate.engine.transaction.jta.platform.internal.NoJtaPlatform] 
2022-02-24 15:57:12:525 org.hibernate.jpa.internal.util.LogHelper.logPersistenceUnitInformation(LogHelper.java:31)evel - HHH000204: Processing PersistenceUnitInfo [name: default] 
2022-02-24 15:57:12:630 org.hibernate.Version.logVersion(Version.java:44)evel - HHH000412: Hibernate ORM core version 5.4.32.Final 
2022-02-24 15:57:12:888 org.hibernate.annotations.common.reflection.java.JavaReflectionManager.<clinit>(JavaReflectionManager.java:56)evel - HCANN000001: Hibernate Commons Annotations {5.1.2.Final} 
2022-02-24 15:57:24:141 org.hibernate.engine.jdbc.env.internal.JdbcEnvironmentInitiator.initiateService(JdbcEnvironmentInitiator.java:132)evel - HHH000342: Could not obtain connection to query metadata 
org.postgresql.util.PSQLException: The connection attempt failed.
	at org.postgresql.core.v3.ConnectionFactoryImpl.openConnectionImpl(ConnectionFactoryImpl.java:315)
	at org.postgresql.core.ConnectionFactory.openConnection(ConnectionFactory.java:51)
	at org.postgresql.jdbc.PgConnection.<init>(PgConnection.java:223)
	at org.postgresql.Driver.makeConnection(Driver.java:465)
	at org.postgresql.Driver.connect(Driver.java:264)
	at com.zaxxer.hikari.util.DriverDataSource.getConnection(DriverDataSource.java:138)
	at com.zaxxer.hikari.pool.PoolBase.newConnection(PoolBase.java:364)
	at com.zaxxer.hikari.pool.PoolBase.newPoolEntry(PoolBase.java:206)
	at com.zaxxer.hikari.pool.HikariPool.createPoolEntry(HikariPool.java:476)
	at com.zaxxer.hikari.pool.HikariPool.checkFailFast(HikariPool.java:561)
	at com.zaxxer.hikari.pool.HikariPool.<init>(HikariPool.java:115)
	at com.zaxxer.hikari.HikariDataSource.getConnection(HikariDataSource.java:112)
	at org.hibernate.engine.jdbc.connections.internal.DatasourceConnectionProviderImpl.getConnection(DatasourceConnectionProviderImpl.java:122)
	at org.hibernate.engine.jdbc.env.internal.JdbcEnvironmentInitiator$ConnectionProviderJdbcConnectionAccess.obtainConnection(JdbcEnvironmentInitiator.java:180)
	at org.hibernate.engine.jdbc.env.internal.JdbcEnvironmentInitiator.initiateService(JdbcEnvironmentInitiator.java:68)
	at org.hibernate.engine.jdbc.env.internal.JdbcEnvironmentInitiator.initiateService(JdbcEnvironmentInitiator.java:35)
	at org.hibernate.boot.registry.internal.StandardServiceRegistryImpl.initiateService(StandardServiceRegistryImpl.java:101)
	at org.hibernate.service.internal.AbstractServiceRegistryImpl.createService(AbstractServiceRegistryImpl.java:263)
	at org.hibernate.service.internal.AbstractServiceRegistryImpl.initializeService(AbstractServiceRegistryImpl.java:237)
	at org.hibernate.service.internal.AbstractServiceRegistryImpl.getService(AbstractServiceRegistryImpl.java:214)
	at org.hibernate.id.factory.internal.DefaultIdentifierGeneratorFactory.injectServices(DefaultIdentifierGeneratorFactory.java:152)
	at org.hibernate.service.internal.AbstractServiceRegistryImpl.injectDependencies(AbstractServiceRegistryImpl.java:286)
	at org.hibernate.service.internal.AbstractServiceRegistryImpl.initializeService(AbstractServiceRegistryImpl.java:243)
	at org.hibernate.service.internal.AbstractServiceRegistryImpl.getService(AbstractServiceRegistryImpl.java:214)
	at org.hibernate.boot.internal.InFlightMetadataCollectorImpl.<init>(InFlightMetadataCollectorImpl.java:176)
	at org.hibernate.boot.model.process.spi.MetadataBuildingProcess.complete(MetadataBuildingProcess.java:127)
	at org.hibernate.jpa.boot.internal.EntityManagerFactoryBuilderImpl.metadata(EntityManagerFactoryBuilderImpl.java:1224)
	at org.hibernate.jpa.boot.internal.EntityManagerFactoryBuilderImpl.build(EntityManagerFactoryBuilderImpl.java:1255)
	at org.springframework.orm.jpa.vendor.SpringHibernateJpaPersistenceProvider.createContainerEntityManagerFactory(SpringHibernateJpaPersistenceProvider.java:58)
	at org.springframework.orm.jpa.LocalContainerEntityManagerFactoryBean.createNativeEntityManagerFactory(LocalContainerEntityManagerFactoryBean.java:365)
	at org.springframework.orm.jpa.AbstractEntityManagerFactoryBean.buildNativeEntityManagerFactory(AbstractEntityManagerFactoryBean.java:409)
	at org.springframework.orm.jpa.AbstractEntityManagerFactoryBean.afterPropertiesSet(AbstractEntityManagerFactoryBean.java:396)
	at org.springframework.orm.jpa.LocalContainerEntityManagerFactoryBean.afterPropertiesSet(LocalContainerEntityManagerFactoryBean.java:341)
	at org.springframework.beans.factory.support.AbstractAutowireCapableBeanFactory.invokeInitMethods(AbstractAutowireCapableBeanFactory.java:1845)
	at org.springframework.beans.factory.support.AbstractAutowireCapableBeanFactory.initializeBean(AbstractAutowireCapableBeanFactory.java:1782)
	at org.springframework.beans.factory.support.AbstractAutowireCapableBeanFactory.doCreateBean(AbstractAutowireCapableBeanFactory.java:602)
	at org.springframework.beans.factory.support.AbstractAutowireCapableBeanFactory.createBean(AbstractAutowireCapableBeanFactory.java:524)
	at org.springframework.beans.factory.support.AbstractBeanFactory.lambda$doGetBean$0(AbstractBeanFactory.java:335)
	at org.springframework.beans.factory.support.DefaultSingletonBeanRegistry.getSingleton(DefaultSingletonBeanRegistry.java:234)
	at org.springframework.beans.factory.support.AbstractBeanFactory.doGetBean(AbstractBeanFactory.java:333)
	at org.springframework.beans.factory.support.AbstractBeanFactory.getBean(AbstractBeanFactory.java:233)
	at org.springframework.beans.factory.support.DefaultListableBeanFactory.resolveNamedBean(DefaultListableBeanFactory.java:1273)
	at org.springframework.beans.factory.support.DefaultListableBeanFactory.resolveNamedBean(DefaultListableBeanFactory.java:1234)
	at org.springframework.beans.factory.support.DefaultListableBeanFactory.resolveBean(DefaultListableBeanFactory.java:494)
	at org.springframework.beans.factory.support.DefaultListableBeanFactory.getBean(DefaultListableBeanFactory.java:349)
	at org.springframework.beans.factory.support.DefaultListableBeanFactory.getBean(DefaultListableBeanFactory.java:342)
	at org.springframework.orm.jpa.EntityManagerFactoryUtils.findEntityManagerFactory(EntityManagerFactoryUtils.java:121)
	at org.springframework.orm.jpa.EntityManagerFactoryAccessor.setBeanFactory(EntityManagerFactoryAccessor.java:155)
	at org.springframework.beans.factory.support.AbstractAutowireCapableBeanFactory.invokeAwareMethods(AbstractAutowireCapableBeanFactory.java:1808)
	at org.springframework.beans.factory.support.AbstractAutowireCapableBeanFactory.initializeBean(AbstractAutowireCapableBeanFactory.java:1773)
	at org.springframework.beans.factory.support.AbstractAutowireCapableBeanFactory.doCreateBean(AbstractAutowireCapableBeanFactory.java:602)
	at org.springframework.beans.factory.support.AbstractAutowireCapableBeanFactory.createBean(AbstractAutowireCapableBeanFactory.java:524)
	at org.springframework.beans.factory.support.AbstractBeanFactory.lambda$doGetBean$0(AbstractBeanFactory.java:335)
	at org.springframework.beans.factory.support.DefaultSingletonBeanRegistry.getSingleton(DefaultSingletonBeanRegistry.java:234)
	at org.springframework.beans.factory.support.AbstractBeanFactory.doGetBean(AbstractBeanFactory.java:333)
	at org.springframework.beans.factory.support.AbstractBeanFactory.getBean(AbstractBeanFactory.java:208)
	at org.springframework.beans.factory.config.DependencyDescriptor.resolveCandidate(DependencyDescriptor.java:276)
	at org.springframework.beans.factory.support.DefaultListableBeanFactory.doResolveDependency(DefaultListableBeanFactory.java:1380)
	at org.springframework.beans.factory.support.DefaultListableBeanFactory.resolveDependency(DefaultListableBeanFactory.java:1300)
	at org.springframework.beans.factory.support.ConstructorResolver.resolveAutowiredArgument(ConstructorResolver.java:887)
	at org.springframework.beans.factory.support.ConstructorResolver.createArgumentArray(ConstructorResolver.java:791)
	at org.springframework.beans.factory.support.ConstructorResolver.instantiateUsingFactoryMethod(ConstructorResolver.java:541)
	at org.springframework.beans.factory.support.AbstractAutowireCapableBeanFactory.instantiateUsingFactoryMethod(AbstractAutowireCapableBeanFactory.java:1334)
	at org.springframework.beans.factory.support.AbstractAutowireCapableBeanFactory.createBeanInstance(AbstractAutowireCapableBeanFactory.java:1177)
	at org.springframework.beans.factory.support.AbstractAutowireCapableBeanFactory.doCreateBean(AbstractAutowireCapableBeanFactory.java:564)
	at org.springframework.beans.factory.support.AbstractAutowireCapableBeanFactory.createBean(AbstractAutowireCapableBeanFactory.java:524)
	at org.springframework.beans.factory.support.AbstractBeanFactory.lambda$doGetBean$0(AbstractBeanFactory.java:335)
	at org.springframework.beans.factory.support.DefaultSingletonBeanRegistry.getSingleton(DefaultSingletonBeanRegistry.java:234)
	at org.springframework.beans.factory.support.AbstractBeanFactory.doGetBean(AbstractBeanFactory.java:333)
	at org.springframework.beans.factory.support.AbstractBeanFactory.getBean(AbstractBeanFactory.java:208)
	at org.springframework.beans.factory.config.DependencyDescriptor.resolveCandidate(DependencyDescriptor.java:276)
	at org.springframework.beans.factory.support.DefaultListableBeanFactory.addCandidateEntry(DefaultListableBeanFactory.java:1598)
	at org.springframework.beans.factory.support.DefaultListableBeanFactory.findAutowireCandidates(DefaultListableBeanFactory.java:1562)
	at org.springframework.beans.factory.support.DefaultListableBeanFactory.resolveMultipleBeans(DefaultListableBeanFactory.java:1451)
	at org.springframework.beans.factory.support.DefaultListableBeanFactory.doResolveDependency(DefaultListableBeanFactory.java:1338)
	at org.springframework.beans.factory.support.DefaultListableBeanFactory.resolveDependency(DefaultListableBeanFactory.java:1300)
	at org.springframework.beans.factory.annotation.AutowiredAnnotationBeanPostProcessor$AutowiredMethodElement.resolveMethodArguments(AutowiredAnnotationBeanPostProcessor.java:760)
	at org.springframework.beans.factory.annotation.AutowiredAnnotationBeanPostProcessor$AutowiredMethodElement.inject(AutowiredAnnotationBeanPostProcessor.java:720)
	at org.springframework.beans.factory.annotation.InjectionMetadata.inject(InjectionMetadata.java:119)
	at org.springframework.beans.factory.annotation.AutowiredAnnotationBeanPostProcessor.postProcessProperties(AutowiredAnnotationBeanPostProcessor.java:399)
	at org.springframework.beans.factory.support.AbstractAutowireCapableBeanFactory.populateBean(AbstractAutowireCapableBeanFactory.java:1413)
	at org.springframework.beans.factory.support.AbstractAutowireCapableBeanFactory.doCreateBean(AbstractAutowireCapableBeanFactory.java:601)
	at org.springframework.beans.factory.support.AbstractAutowireCapableBeanFactory.createBean(AbstractAutowireCapableBeanFactory.java:524)
	at org.springframework.beans.factory.support.AbstractBeanFactory.lambda$doGetBean$0(AbstractBeanFactory.java:335)
	at org.springframework.beans.factory.support.DefaultSingletonBeanRegistry.getSingleton(DefaultSingletonBeanRegistry.java:234)
	at org.springframework.beans.factory.support.AbstractBeanFactory.doGetBean(AbstractBeanFactory.java:333)
	at org.springframework.beans.factory.support.AbstractBeanFactory.getBean(AbstractBeanFactory.java:208)
	at org.springframework.beans.factory.support.ConstructorResolver.instantiateUsingFactoryMethod(ConstructorResolver.java:410)
	at org.springframework.beans.factory.support.AbstractAutowireCapableBeanFactory.instantiateUsingFactoryMethod(AbstractAutowireCapableBeanFactory.java:1334)
	at org.springframework.beans.factory.support.AbstractAutowireCapableBeanFactory.createBeanInstance(AbstractAutowireCapableBeanFactory.java:1177)
	at org.springframework.beans.factory.support.AbstractAutowireCapableBeanFactory.doCreateBean(AbstractAutowireCapableBeanFactory.java:564)
	at org.springframework.beans.factory.support.AbstractAutowireCapableBeanFactory.createBean(AbstractAutowireCapableBeanFactory.java:524)
	at org.springframework.beans.factory.support.AbstractBeanFactory.lambda$doGetBean$0(AbstractBeanFactory.java:335)
	at org.springframework.beans.factory.support.DefaultSingletonBeanRegistry.getSingleton(DefaultSingletonBeanRegistry.java:234)
	at org.springframework.beans.factory.support.AbstractBeanFactory.doGetBean(AbstractBeanFactory.java:333)
	at org.springframework.beans.factory.support.AbstractBeanFactory.getBean(AbstractBeanFactory.java:208)
	at org.springframework.beans.factory.config.DependencyDescriptor.resolveCandidate(DependencyDescriptor.java:276)
	at org.springframework.beans.factory.support.DefaultListableBeanFactory.doResolveDependency(DefaultListableBeanFactory.java:1380)
	at org.springframework.beans.factory.support.DefaultListableBeanFactory.resolveDependency(DefaultListableBeanFactory.java:1300)
	at org.springframework.beans.factory.annotation.AutowiredAnnotationBeanPostProcessor$AutowiredMethodElement.resolveMethodArguments(AutowiredAnnotationBeanPostProcessor.java:760)
	at org.springframework.beans.factory.annotation.AutowiredAnnotationBeanPostProcessor$AutowiredMethodElement.inject(AutowiredAnnotationBeanPostProcessor.java:720)
	at org.springframework.beans.factory.annotation.InjectionMetadata.inject(InjectionMetadata.java:119)
	at org.springframework.beans.factory.annotation.AutowiredAnnotationBeanPostProcessor.postProcessProperties(AutowiredAnnotationBeanPostProcessor.java:399)
	at org.springframework.beans.factory.support.AbstractAutowireCapableBeanFactory.populateBean(AbstractAutowireCapableBeanFactory.java:1413)
	at org.springframework.beans.factory.support.AbstractAutowireCapableBeanFactory.doCreateBean(AbstractAutowireCapableBeanFactory.java:601)
	at org.springframework.beans.factory.support.AbstractAutowireCapableBeanFactory.createBean(AbstractAutowireCapableBeanFactory.java:524)
	at org.springframework.beans.factory.support.AbstractBeanFactory.lambda$doGetBean$0(AbstractBeanFactory.java:335)
	at org.springframework.beans.factory.support.DefaultSingletonBeanRegistry.getSingleton(DefaultSingletonBeanRegistry.java:234)
	at org.springframework.beans.factory.support.AbstractBeanFactory.doGetBean(AbstractBeanFactory.java:333)
	at org.springframework.beans.factory.support.AbstractBeanFactory.getBean(AbstractBeanFactory.java:208)
	at org.springframework.beans.factory.support.ConstructorResolver.instantiateUsingFactoryMethod(ConstructorResolver.java:410)
	at org.springframework.beans.factory.support.AbstractAutowireCapableBeanFactory.instantiateUsingFactoryMethod(AbstractAutowireCapableBeanFactory.java:1334)
	at org.springframework.beans.factory.support.AbstractAutowireCapableBeanFactory.createBeanInstance(AbstractAutowireCapableBeanFactory.java:1177)
	at org.springframework.beans.factory.support.AbstractAutowireCapableBeanFactory.doCreateBean(AbstractAutowireCapableBeanFactory.java:564)
	at org.springframework.beans.factory.support.AbstractAutowireCapableBeanFactory.createBean(AbstractAutowireCapableBeanFactory.java:524)
	at org.springframework.beans.factory.support.AbstractBeanFactory.lambda$doGetBean$0(AbstractBeanFactory.java:335)
	at org.springframework.beans.factory.support.DefaultSingletonBeanRegistry.getSingleton(DefaultSingletonBeanRegistry.java:234)
	at org.springframework.beans.factory.support.AbstractBeanFactory.doGetBean(AbstractBeanFactory.java:333)
	at org.springframework.beans.factory.support.AbstractBeanFactory.getBean(AbstractBeanFactory.java:213)
	at org.springframework.boot.web.servlet.ServletContextInitializerBeans.getOrderedBeansOfType(ServletContextInitializerBeans.java:212)
	at org.springframework.boot.web.servlet.ServletContextInitializerBeans.addAsRegistrationBean(ServletContextInitializerBeans.java:175)
	at org.springframework.boot.web.servlet.ServletContextInitializerBeans.addAsRegistrationBean(ServletContextInitializerBeans.java:170)
	at org.springframework.boot.web.servlet.ServletContextInitializerBeans.addAdaptableBeans(ServletContextInitializerBeans.java:155)
	at org.springframework.boot.web.servlet.ServletContextInitializerBeans.<init>(ServletContextInitializerBeans.java:87)
	at org.springframework.boot.web.servlet.context.ServletWebServerApplicationContext.getServletContextInitializerBeans(ServletWebServerApplicationContext.java:260)
	at org.springframework.boot.web.servlet.context.ServletWebServerApplicationContext.selfInitialize(ServletWebServerApplicationContext.java:234)
	at org.springframework.boot.web.embedded.tomcat.TomcatStarter.onStartup(TomcatStarter.java:53)
	at org.apache.catalina.core.StandardContext.startInternal(StandardContext.java:5219)
	at org.apache.catalina.util.LifecycleBase.start(LifecycleBase.java:183)
	at org.apache.catalina.core.ContainerBase$StartChild.call(ContainerBase.java:1398)
	at org.apache.catalina.core.ContainerBase$StartChild.call(ContainerBase.java:1388)
	at java.base/java.util.concurrent.FutureTask.run(FutureTask.java:264)
	at org.apache.tomcat.util.threads.InlineExecutorService.execute(InlineExecutorService.java:75)
	at java.base/java.util.concurrent.AbstractExecutorService.submit(AbstractExecutorService.java:145)
	at org.apache.catalina.core.ContainerBase.startInternal(ContainerBase.java:921)
	at org.apache.catalina.core.StandardHost.startInternal(StandardHost.java:835)
	at org.apache.catalina.util.LifecycleBase.start(LifecycleBase.java:183)
	at org.apache.catalina.core.ContainerBase$StartChild.call(ContainerBase.java:1398)
	at org.apache.catalina.core.ContainerBase$StartChild.call(ContainerBase.java:1388)
	at java.base/java.util.concurrent.FutureTask.run(FutureTask.java:264)
	at org.apache.tomcat.util.threads.InlineExecutorService.execute(InlineExecutorService.java:75)
	at java.base/java.util.concurrent.AbstractExecutorService.submit(AbstractExecutorService.java:145)
	at org.apache.catalina.core.ContainerBase.startInternal(ContainerBase.java:921)
	at org.apache.catalina.core.StandardEngine.startInternal(StandardEngine.java:263)
	at org.apache.catalina.util.LifecycleBase.start(LifecycleBase.java:183)
	at org.apache.catalina.core.StandardService.startInternal(StandardService.java:437)
	at org.apache.catalina.util.LifecycleBase.start(LifecycleBase.java:183)
	at org.apache.catalina.core.StandardServer.startInternal(StandardServer.java:934)
	at org.apache.catalina.util.LifecycleBase.start(LifecycleBase.java:183)
	at org.apache.catalina.startup.Tomcat.start(Tomcat.java:486)
	at org.springframework.boot.web.embedded.tomcat.TomcatWebServer.initialize(TomcatWebServer.java:123)
	at org.springframework.boot.web.embedded.tomcat.TomcatWebServer.<init>(TomcatWebServer.java:104)
	at org.springframework.boot.web.embedded.tomcat.TomcatServletWebServerFactory.getTomcatWebServer(TomcatServletWebServerFactory.java:450)
	at org.springframework.boot.web.embedded.tomcat.TomcatServletWebServerFactory.getWebServer(TomcatServletWebServerFactory.java:199)
	at org.springframework.boot.web.servlet.context.ServletWebServerApplicationContext.createWebServer(ServletWebServerApplicationContext.java:182)
	at org.springframework.boot.web.servlet.context.ServletWebServerApplicationContext.onRefresh(ServletWebServerApplicationContext.java:160)
	at org.springframework.context.support.AbstractApplicationContext.refresh(AbstractApplicationContext.java:577)
	at org.springframework.boot.web.servlet.context.ServletWebServerApplicationContext.refresh(ServletWebServerApplicationContext.java:145)
	at org.springframework.boot.SpringApplication.refresh(SpringApplication.java:754)
	at org.springframework.boot.SpringApplication.refreshContext(SpringApplication.java:434)
	at org.springframework.boot.SpringApplication.run(SpringApplication.java:338)
	at org.springframework.boot.SpringApplication.run(SpringApplication.java:1343)
	at org.springframework.boot.SpringApplication.run(SpringApplication.java:1332)
	at com.ncert.survey.SurveyApplication.main(SurveyApplication.java:13)
	at java.base/jdk.internal.reflect.NativeMethodAccessorImpl.invoke0(Native Method)
	at java.base/jdk.internal.reflect.NativeMethodAccessorImpl.invoke(NativeMethodAccessorImpl.java:78)
	at java.base/jdk.internal.reflect.DelegatingMethodAccessorImpl.invoke(DelegatingMethodAccessorImpl.java:43)
	at java.base/java.lang.reflect.Method.invoke(Method.java:567)
	at org.springframework.boot.devtools.restart.RestartLauncher.run(RestartLauncher.java:49)
Caused by: java.net.SocketTimeoutException: Connect timed out
	at java.base/sun.nio.ch.NioSocketImpl.timedFinishConnect(NioSocketImpl.java:546)
	at java.base/sun.nio.ch.NioSocketImpl.connect(NioSocketImpl.java:597)
	at java.base/java.net.SocksSocketImpl.connect(SocksSocketImpl.java:333)
	at java.base/java.net.Socket.connect(Socket.java:645)
	at org.postgresql.core.PGStream.createSocket(PGStream.java:231)
	at org.postgresql.core.PGStream.<init>(PGStream.java:95)
	at org.postgresql.core.v3.ConnectionFactoryImpl.tryConnect(ConnectionFactoryImpl.java:98)
	at org.postgresql.core.v3.ConnectionFactoryImpl.openConnectionImpl(ConnectionFactoryImpl.java:213)
	... 168 more
2022-02-24 15:57:24:172 org.hibernate.dialect.Dialect.<init>(Dialect.java:175)evel - HHH000400: Using dialect: org.hibernate.dialect.PostgreSQLDialect 
2022-02-24 15:57:36:039 org.hibernate.engine.jdbc.spi.SqlExceptionHelper.logExceptions(SqlExceptionHelper.java:137)evel - SQL Error: 0, SQLState: 08001 
2022-02-24 15:57:36:040 org.hibernate.engine.jdbc.spi.SqlExceptionHelper.logExceptions(SqlExceptionHelper.java:142)evel - The connection attempt failed. 
2022-02-24 15:58:04:849 org.hibernate.jpa.internal.util.LogHelper.logPersistenceUnitInformation(LogHelper.java:31)evel - HHH000204: Processing PersistenceUnitInfo [name: default] 
2022-02-24 15:58:04:914 org.hibernate.Version.logVersion(Version.java:44)evel - HHH000412: Hibernate ORM core version 5.4.32.Final 
2022-02-24 15:58:05:075 org.hibernate.annotations.common.reflection.java.JavaReflectionManager.<clinit>(JavaReflectionManager.java:56)evel - HCANN000001: Hibernate Commons Annotations {5.1.2.Final} 
2022-02-24 15:58:10:643 org.hibernate.dialect.Dialect.<init>(Dialect.java:175)evel - HHH000400: Using dialect: org.hibernate.dialect.PostgreSQLDialect 
2022-02-24 15:59:38:516 org.hibernate.engine.transaction.jta.platform.internal.JtaPlatformInitiator.initiateService(JtaPlatformInitiator.java:52)evel - HHH000490: Using JtaPlatform implementation: [org.hibernate.engine.transaction.jta.platform.internal.NoJtaPlatform] 
2022-02-24 16:02:59:051 org.hibernate.jpa.internal.util.LogHelper.logPersistenceUnitInformation(LogHelper.java:31)evel - HHH000204: Processing PersistenceUnitInfo [name: default] 
2022-02-24 16:02:59:133 org.hibernate.Version.logVersion(Version.java:44)evel - HHH000412: Hibernate ORM core version 5.4.32.Final 
2022-02-24 16:02:59:320 org.hibernate.annotations.common.reflection.java.JavaReflectionManager.<clinit>(JavaReflectionManager.java:56)evel - HCANN000001: Hibernate Commons Annotations {5.1.2.Final} 
2022-02-24 16:03:06:210 org.hibernate.dialect.Dialect.<init>(Dialect.java:175)evel - HHH000400: Using dialect: org.hibernate.dialect.PostgreSQLDialect 
2022-02-24 16:04:36:961 org.hibernate.engine.transaction.jta.platform.internal.JtaPlatformInitiator.initiateService(JtaPlatformInitiator.java:52)evel - HHH000490: Using JtaPlatform implementation: [org.hibernate.engine.transaction.jta.platform.internal.NoJtaPlatform] 
2022-02-24 16:11:09:197 org.hibernate.jpa.internal.util.LogHelper.logPersistenceUnitInformation(LogHelper.java:31)evel - HHH000204: Processing PersistenceUnitInfo [name: default] 
2022-02-24 16:11:09:324 org.hibernate.Version.logVersion(Version.java:44)evel - HHH000412: Hibernate ORM core version 5.4.32.Final 
2022-02-24 16:11:09:584 org.hibernate.annotations.common.reflection.java.JavaReflectionManager.<clinit>(JavaReflectionManager.java:56)evel - HCANN000001: Hibernate Commons Annotations {5.1.2.Final} 
2022-02-24 16:11:16:084 org.hibernate.dialect.Dialect.<init>(Dialect.java:175)evel - HHH000400: Using dialect: org.hibernate.dialect.PostgreSQLDialect 
2022-02-24 16:12:56:941 org.hibernate.engine.transaction.jta.platform.internal.JtaPlatformInitiator.initiateService(JtaPlatformInitiator.java:52)evel - HHH000490: Using JtaPlatform implementation: [org.hibernate.engine.transaction.jta.platform.internal.NoJtaPlatform] 
2022-02-24 16:13:12:192 com.ncert.survey.utils.SignatureUtil.isSignatureValid(SignatureUtil.java:149)evel - Received Signature:/iUNLbK8CoiRs1Oix9odumtXdL9G+b8HpaonTuGY7OY= 
2022-02-24 16:13:12:193 com.ncert.survey.utils.SignatureUtil.isSignatureValid(SignatureUtil.java:150)evel - Derived Signature:/iUNLbK8CoiRs1Oix9odumtXdL9G+b8HpaonTuGY7OY= 
2022-02-24 16:13:12:205 com.ncert.survey.businessMgr.SurveyMgrImpl.appVersionData(SurveyMgrImpl.java:1132)evel - ------------------------------- SurveyMgrImpl : AppData --------------------------- 
2022-02-24 16:44:33:198 org.hibernate.jpa.internal.util.LogHelper.logPersistenceUnitInformation(LogHelper.java:31)evel - HHH000204: Processing PersistenceUnitInfo [name: default] 
2022-02-24 16:44:33:313 org.hibernate.Version.logVersion(Version.java:44)evel - HHH000412: Hibernate ORM core version 5.4.32.Final 
2022-02-24 16:44:33:518 org.hibernate.annotations.common.reflection.java.JavaReflectionManager.<clinit>(JavaReflectionManager.java:56)evel - HCANN000001: Hibernate Commons Annotations {5.1.2.Final} 
2022-02-24 16:44:38:757 org.hibernate.dialect.Dialect.<init>(Dialect.java:175)evel - HHH000400: Using dialect: org.hibernate.dialect.PostgreSQLDialect 
2022-02-24 16:46:08:402 org.hibernate.engine.transaction.jta.platform.internal.JtaPlatformInitiator.initiateService(JtaPlatformInitiator.java:52)evel - HHH000490: Using JtaPlatform implementation: [org.hibernate.engine.transaction.jta.platform.internal.NoJtaPlatform] 
2022-02-24 16:46:23:400 com.ncert.survey.utils.SignatureUtil.isSignatureValid(SignatureUtil.java:149)evel - Received Signature:tJ9iHIy8ygy0zLTmKdMjmo7gvhnkUqr9akJv08nDS0E= 
2022-02-24 16:46:23:401 com.ncert.survey.utils.SignatureUtil.isSignatureValid(SignatureUtil.java:150)evel - Derived Signature:tJ9iHIy8ygy0zLTmKdMjmo7gvhnkUqr9akJv08nDS0E= 
2022-02-24 16:46:23:408 com.ncert.survey.businessMgr.SurveyMgrImpl.appVersionData(SurveyMgrImpl.java:1132)evel - ------------------------------- SurveyMgrImpl : AppData --------------------------- 
2022-02-24 16:49:10:981 org.hibernate.jpa.internal.util.LogHelper.logPersistenceUnitInformation(LogHelper.java:31)evel - HHH000204: Processing PersistenceUnitInfo [name: default] 
2022-02-24 16:49:11:041 org.hibernate.Version.logVersion(Version.java:44)evel - HHH000412: Hibernate ORM core version 5.4.32.Final 
2022-02-24 16:49:11:202 org.hibernate.annotations.common.reflection.java.JavaReflectionManager.<clinit>(JavaReflectionManager.java:56)evel - HCANN000001: Hibernate Commons Annotations {5.1.2.Final} 
2022-02-24 16:49:16:553 org.hibernate.dialect.Dialect.<init>(Dialect.java:175)evel - HHH000400: Using dialect: org.hibernate.dialect.PostgreSQLDialect 
2022-02-24 16:50:49:886 org.hibernate.engine.transaction.jta.platform.internal.JtaPlatformInitiator.initiateService(JtaPlatformInitiator.java:52)evel - HHH000490: Using JtaPlatform implementation: [org.hibernate.engine.transaction.jta.platform.internal.NoJtaPlatform] 
2022-02-24 16:51:06:031 com.ncert.survey.utils.SignatureUtil.isSignatureValid(SignatureUtil.java:149)evel - Received Signature:CK/CP7+HAR1JQPf3qCZOlotm9+e4GSVsPeQfs7HN9As= 
2022-02-24 16:51:06:031 com.ncert.survey.utils.SignatureUtil.isSignatureValid(SignatureUtil.java:150)evel - Derived Signature:CK/CP7+HAR1JQPf3qCZOlotm9+e4GSVsPeQfs7HN9As= 
2022-02-24 16:51:06:038 com.ncert.survey.businessMgr.SurveyMgrImpl.appVersionData(SurveyMgrImpl.java:1132)evel - ------------------------------- SurveyMgrImpl : AppData --------------------------- 
2022-02-24 16:56:56:970 org.hibernate.jpa.internal.util.LogHelper.logPersistenceUnitInformation(LogHelper.java:31)evel - HHH000204: Processing PersistenceUnitInfo [name: default] 
2022-02-24 16:56:57:029 org.hibernate.Version.logVersion(Version.java:44)evel - HHH000412: Hibernate ORM core version 5.4.32.Final 
2022-02-24 16:56:57:185 org.hibernate.annotations.common.reflection.java.JavaReflectionManager.<clinit>(JavaReflectionManager.java:56)evel - HCANN000001: Hibernate Commons Annotations {5.1.2.Final} 
2022-02-24 16:57:04:325 org.hibernate.dialect.Dialect.<init>(Dialect.java:175)evel - HHH000400: Using dialect: org.hibernate.dialect.PostgreSQLDialect 
2022-02-24 16:58:37:475 org.hibernate.engine.transaction.jta.platform.internal.JtaPlatformInitiator.initiateService(JtaPlatformInitiator.java:52)evel - HHH000490: Using JtaPlatform implementation: [org.hibernate.engine.transaction.jta.platform.internal.NoJtaPlatform] 
2022-02-24 16:58:53:600 com.ncert.survey.utils.SignatureUtil.isSignatureValid(SignatureUtil.java:149)evel - Received Signature:iEuLuqdffmg+OFSJhtH3Ro/7Q9p5Zf0+YgsFAXgHLtQ= 
2022-02-24 16:58:53:600 com.ncert.survey.utils.SignatureUtil.isSignatureValid(SignatureUtil.java:150)evel - Derived Signature:iEuLuqdffmg+OFSJhtH3Ro/7Q9p5Zf0+YgsFAXgHLtQ= 
2022-02-24 16:58:53:610 com.ncert.survey.businessMgr.SurveyMgrImpl.appVersionData(SurveyMgrImpl.java:1132)evel - ------------------------------- SurveyMgrImpl : AppData --------------------------- 
2022-02-24 17:04:00:319 org.hibernate.jpa.internal.util.LogHelper.logPersistenceUnitInformation(LogHelper.java:31)evel - HHH000204: Processing PersistenceUnitInfo [name: default] 
2022-02-24 17:04:00:373 org.hibernate.Version.logVersion(Version.java:44)evel - HHH000412: Hibernate ORM core version 5.4.32.Final 
2022-02-24 17:04:00:522 org.hibernate.annotations.common.reflection.java.JavaReflectionManager.<clinit>(JavaReflectionManager.java:56)evel - HCANN000001: Hibernate Commons Annotations {5.1.2.Final} 
2022-02-24 17:04:05:906 org.hibernate.dialect.Dialect.<init>(Dialect.java:175)evel - HHH000400: Using dialect: org.hibernate.dialect.PostgreSQLDialect 
2022-02-24 17:05:31:364 org.hibernate.engine.transaction.jta.platform.internal.JtaPlatformInitiator.initiateService(JtaPlatformInitiator.java:52)evel - HHH000490: Using JtaPlatform implementation: [org.hibernate.engine.transaction.jta.platform.internal.NoJtaPlatform] 
2022-02-24 17:05:44:007 com.ncert.survey.utils.SignatureUtil.isSignatureValid(SignatureUtil.java:149)evel - Received Signature:J4M7V15KknmQSJlNb0RUP9TON5vyn0MBuzYZ8oY5hqA= 
2022-02-24 17:05:44:008 com.ncert.survey.utils.SignatureUtil.isSignatureValid(SignatureUtil.java:150)evel - Derived Signature:J4M7V15KknmQSJlNb0RUP9TON5vyn0MBuzYZ8oY5hqA= 
2022-02-24 17:05:44:014 com.ncert.survey.businessMgr.SurveyMgrImpl.appVersionData(SurveyMgrImpl.java:1132)evel - ------------------------------- SurveyMgrImpl : AppData --------------------------- 
2022-02-24 17:07:34:570 org.hibernate.jpa.internal.util.LogHelper.logPersistenceUnitInformation(LogHelper.java:31)evel - HHH000204: Processing PersistenceUnitInfo [name: default] 
2022-02-24 17:07:34:625 org.hibernate.Version.logVersion(Version.java:44)evel - HHH000412: Hibernate ORM core version 5.4.32.Final 
2022-02-24 17:07:34:772 org.hibernate.annotations.common.reflection.java.JavaReflectionManager.<clinit>(JavaReflectionManager.java:56)evel - HCANN000001: Hibernate Commons Annotations {5.1.2.Final} 
2022-02-24 17:07:41:024 org.hibernate.dialect.Dialect.<init>(Dialect.java:175)evel - HHH000400: Using dialect: org.hibernate.dialect.PostgreSQLDialect 
2022-02-24 17:09:12:382 org.hibernate.engine.transaction.jta.platform.internal.JtaPlatformInitiator.initiateService(JtaPlatformInitiator.java:52)evel - HHH000490: Using JtaPlatform implementation: [org.hibernate.engine.transaction.jta.platform.internal.NoJtaPlatform] 
2022-02-24 17:09:26:207 com.ncert.survey.utils.SignatureUtil.isSignatureValid(SignatureUtil.java:149)evel - Received Signature:wO6LF8PEjKDY58mWlSxcdwigMK5Ri48+/cQdSIsYA2w= 
2022-02-24 17:09:26:207 com.ncert.survey.utils.SignatureUtil.isSignatureValid(SignatureUtil.java:150)evel - Derived Signature:wO6LF8PEjKDY58mWlSxcdwigMK5Ri48+/cQdSIsYA2w= 
2022-02-24 17:09:26:216 com.ncert.survey.businessMgr.SurveyMgrImpl.appVersionData(SurveyMgrImpl.java:1132)evel - ------------------------------- SurveyMgrImpl : AppData --------------------------- 
2022-02-24 17:09:26:272 com.ncert.survey.businessMgr.SurveyMgrImpl.appVersionData(SurveyMgrImpl.java:1172)evel - appVersionData :- Response : Status CodeNP_SERVICE_023Status Desc : Invalid User OS. 
2022-02-24 17:15:47:294 org.hibernate.jpa.internal.util.LogHelper.logPersistenceUnitInformation(LogHelper.java:31)evel - HHH000204: Processing PersistenceUnitInfo [name: default] 
2022-02-24 17:15:47:348 org.hibernate.Version.logVersion(Version.java:44)evel - HHH000412: Hibernate ORM core version 5.4.32.Final 
2022-02-24 17:15:47:506 org.hibernate.annotations.common.reflection.java.JavaReflectionManager.<clinit>(JavaReflectionManager.java:56)evel - HCANN000001: Hibernate Commons Annotations {5.1.2.Final} 
2022-02-24 17:15:53:476 org.hibernate.dialect.Dialect.<init>(Dialect.java:175)evel - HHH000400: Using dialect: org.hibernate.dialect.PostgreSQLDialect 
2022-02-24 17:17:15:410 org.hibernate.engine.transaction.jta.platform.internal.JtaPlatformInitiator.initiateService(JtaPlatformInitiator.java:52)evel - HHH000490: Using JtaPlatform implementation: [org.hibernate.engine.transaction.jta.platform.internal.NoJtaPlatform] 
2022-02-24 17:17:29:150 com.ncert.survey.utils.SignatureUtil.isSignatureValid(SignatureUtil.java:149)evel - Received Signature:xiRaCzvThH5pxg3QfL8stSyHU/j8MPfjzU3x2AaEkEY= 
2022-02-24 17:17:29:151 com.ncert.survey.utils.SignatureUtil.isSignatureValid(SignatureUtil.java:150)evel - Derived Signature:xiRaCzvThH5pxg3QfL8stSyHU/j8MPfjzU3x2AaEkEY= 
2022-02-24 17:17:29:159 com.ncert.survey.businessMgr.SurveyMgrImpl.appVersionData(SurveyMgrImpl.java:1132)evel - ------------------------------- SurveyMgrImpl : AppData --------------------------- 
2022-02-24 17:22:24:219 org.hibernate.jpa.internal.util.LogHelper.logPersistenceUnitInformation(LogHelper.java:31)evel - HHH000204: Processing PersistenceUnitInfo [name: default] 
2022-02-24 17:22:24:280 org.hibernate.Version.logVersion(Version.java:44)evel - HHH000412: Hibernate ORM core version 5.4.32.Final 
2022-02-24 17:22:24:425 org.hibernate.annotations.common.reflection.java.JavaReflectionManager.<clinit>(JavaReflectionManager.java:56)evel - HCANN000001: Hibernate Commons Annotations {5.1.2.Final} 
2022-02-24 17:22:30:322 org.hibernate.dialect.Dialect.<init>(Dialect.java:175)evel - HHH000400: Using dialect: org.hibernate.dialect.PostgreSQLDialect 
2022-02-24 17:24:02:919 org.hibernate.engine.transaction.jta.platform.internal.JtaPlatformInitiator.initiateService(JtaPlatformInitiator.java:52)evel - HHH000490: Using JtaPlatform implementation: [org.hibernate.engine.transaction.jta.platform.internal.NoJtaPlatform] 
2022-02-24 17:24:17:248 com.ncert.survey.utils.SignatureUtil.isSignatureValid(SignatureUtil.java:149)evel - Received Signature:3jutu9x5Ssf+zrSMk4WjgZqc+KHoNFMRa64VIkaLtG0= 
2022-02-24 17:24:17:249 com.ncert.survey.utils.SignatureUtil.isSignatureValid(SignatureUtil.java:150)evel - Derived Signature:3jutu9x5Ssf+zrSMk4WjgZqc+KHoNFMRa64VIkaLtG0= 
2022-02-24 17:24:17:257 com.ncert.survey.businessMgr.SurveyMgrImpl.appVersionData(SurveyMgrImpl.java:1132)evel - ------------------------------- SurveyMgrImpl : AppData --------------------------- 
2022-02-24 17:29:23:190 org.hibernate.jpa.internal.util.LogHelper.logPersistenceUnitInformation(LogHelper.java:31)evel - HHH000204: Processing PersistenceUnitInfo [name: default] 
2022-02-24 17:29:23:246 org.hibernate.Version.logVersion(Version.java:44)evel - HHH000412: Hibernate ORM core version 5.4.32.Final 
2022-02-24 17:29:23:400 org.hibernate.annotations.common.reflection.java.JavaReflectionManager.<clinit>(JavaReflectionManager.java:56)evel - HCANN000001: Hibernate Commons Annotations {5.1.2.Final} 
2022-02-24 17:29:28:992 org.hibernate.dialect.Dialect.<init>(Dialect.java:175)evel - HHH000400: Using dialect: org.hibernate.dialect.PostgreSQLDialect 
2022-02-24 17:30:36:394 org.hibernate.jpa.internal.util.LogHelper.logPersistenceUnitInformation(LogHelper.java:31)evel - HHH000204: Processing PersistenceUnitInfo [name: default] 
2022-02-24 17:30:36:450 org.hibernate.Version.logVersion(Version.java:44)evel - HHH000412: Hibernate ORM core version 5.4.32.Final 
2022-02-24 17:30:36:588 org.hibernate.annotations.common.reflection.java.JavaReflectionManager.<clinit>(JavaReflectionManager.java:56)evel - HCANN000001: Hibernate Commons Annotations {5.1.2.Final} 
2022-02-24 17:30:41:989 org.hibernate.dialect.Dialect.<init>(Dialect.java:175)evel - HHH000400: Using dialect: org.hibernate.dialect.PostgreSQLDialect 
2022-02-24 17:32:07:126 org.hibernate.engine.transaction.jta.platform.internal.JtaPlatformInitiator.initiateService(JtaPlatformInitiator.java:52)evel - HHH000490: Using JtaPlatform implementation: [org.hibernate.engine.transaction.jta.platform.internal.NoJtaPlatform] 
2022-02-24 17:33:35:956 org.hibernate.jpa.internal.util.LogHelper.logPersistenceUnitInformation(LogHelper.java:31)evel - HHH000204: Processing PersistenceUnitInfo [name: default] 
2022-02-24 17:33:36:010 org.hibernate.Version.logVersion(Version.java:44)evel - HHH000412: Hibernate ORM core version 5.4.32.Final 
2022-02-24 17:33:36:160 org.hibernate.annotations.common.reflection.java.JavaReflectionManager.<clinit>(JavaReflectionManager.java:56)evel - HCANN000001: Hibernate Commons Annotations {5.1.2.Final} 
2022-02-24 17:33:42:022 org.hibernate.dialect.Dialect.<init>(Dialect.java:175)evel - HHH000400: Using dialect: org.hibernate.dialect.PostgreSQLDialect 
2022-02-24 17:35:08:142 org.hibernate.engine.transaction.jta.platform.internal.JtaPlatformInitiator.initiateService(JtaPlatformInitiator.java:52)evel - HHH000490: Using JtaPlatform implementation: [org.hibernate.engine.transaction.jta.platform.internal.NoJtaPlatform] 
2022-02-24 17:35:20:746 com.ncert.survey.utils.SignatureUtil.isSignatureValid(SignatureUtil.java:149)evel - Received Signature:7CCM9wO37ZAy1XPLaeie2g0QexgJH/1JfeVfvhYQzeY= 
2022-02-24 17:35:20:747 com.ncert.survey.utils.SignatureUtil.isSignatureValid(SignatureUtil.java:150)evel - Derived Signature:7CCM9wO37ZAy1XPLaeie2g0QexgJH/1JfeVfvhYQzeY= 
2022-02-24 17:35:20:758 com.ncert.survey.businessMgr.SurveyMgrImpl.appVersionData(SurveyMgrImpl.java:1132)evel - ------------------------------- SurveyMgrImpl : AppData --------------------------- 
2022-02-24 17:42:02:440 org.hibernate.jpa.internal.util.LogHelper.logPersistenceUnitInformation(LogHelper.java:31)evel - HHH000204: Processing PersistenceUnitInfo [name: default] 
2022-02-24 17:42:02:490 org.hibernate.Version.logVersion(Version.java:44)evel - HHH000412: Hibernate ORM core version 5.4.32.Final 
2022-02-24 17:42:02:642 org.hibernate.annotations.common.reflection.java.JavaReflectionManager.<clinit>(JavaReflectionManager.java:56)evel - HCANN000001: Hibernate Commons Annotations {5.1.2.Final} 
2022-02-24 17:42:08:726 org.hibernate.dialect.Dialect.<init>(Dialect.java:175)evel - HHH000400: Using dialect: org.hibernate.dialect.PostgreSQLDialect 
2022-02-24 17:43:38:692 org.hibernate.engine.transaction.jta.platform.internal.JtaPlatformInitiator.initiateService(JtaPlatformInitiator.java:52)evel - HHH000490: Using JtaPlatform implementation: [org.hibernate.engine.transaction.jta.platform.internal.NoJtaPlatform] 
2022-02-24 17:44:07:781 com.ncert.survey.utils.SignatureUtil.isSignatureValid(SignatureUtil.java:149)evel - Received Signature:3/BWSQ2hiH4mKM0a/J/kejDVmUbQ3Mq0btzx0xgxuh0= 
2022-02-24 17:44:07:782 com.ncert.survey.utils.SignatureUtil.isSignatureValid(SignatureUtil.java:150)evel - Derived Signature:3/BWSQ2hiH4mKM0a/J/kejDVmUbQ3Mq0btzx0xgxuh0= 
2022-02-24 17:44:07:790 com.ncert.survey.businessMgr.SurveyMgrImpl.appVersionData(SurveyMgrImpl.java:1132)evel - ------------------------------- SurveyMgrImpl : AppData --------------------------- 
2022-02-24 17:51:59:837 org.hibernate.jpa.internal.util.LogHelper.logPersistenceUnitInformation(LogHelper.java:31)evel - HHH000204: Processing PersistenceUnitInfo [name: default] 
2022-02-24 17:51:59:891 org.hibernate.Version.logVersion(Version.java:44)evel - HHH000412: Hibernate ORM core version 5.4.32.Final 
2022-02-24 17:52:00:040 org.hibernate.annotations.common.reflection.java.JavaReflectionManager.<clinit>(JavaReflectionManager.java:56)evel - HCANN000001: Hibernate Commons Annotations {5.1.2.Final} 
2022-02-24 17:52:05:734 org.hibernate.dialect.Dialect.<init>(Dialect.java:175)evel - HHH000400: Using dialect: org.hibernate.dialect.PostgreSQLDialect 
2022-02-24 17:53:33:176 org.hibernate.engine.transaction.jta.platform.internal.JtaPlatformInitiator.initiateService(JtaPlatformInitiator.java:52)evel - HHH000490: Using JtaPlatform implementation: [org.hibernate.engine.transaction.jta.platform.internal.NoJtaPlatform] 
2022-02-24 17:53:50:155 com.ncert.survey.utils.SignatureUtil.isSignatureValid(SignatureUtil.java:149)evel - Received Signature:pakQ5lROLs54tqxNGJfJD99jv9o6IkXacxyA54eygAg= 
2022-02-24 17:53:50:156 com.ncert.survey.utils.SignatureUtil.isSignatureValid(SignatureUtil.java:150)evel - Derived Signature:pakQ5lROLs54tqxNGJfJD99jv9o6IkXacxyA54eygAg= 
2022-02-24 17:53:50:165 com.ncert.survey.businessMgr.SurveyMgrImpl.appVersionData(SurveyMgrImpl.java:1132)evel - ------------------------------- SurveyMgrImpl : AppData --------------------------- 
2022-02-24 18:47:18:177 org.hibernate.jpa.internal.util.LogHelper.logPersistenceUnitInformation(LogHelper.java:31)evel - HHH000204: Processing PersistenceUnitInfo [name: default] 
2022-02-24 18:47:18:615 org.hibernate.Version.logVersion(Version.java:44)evel - HHH000412: Hibernate ORM core version 5.4.32.Final 
2022-02-24 18:47:19:125 org.hibernate.annotations.common.reflection.java.JavaReflectionManager.<clinit>(JavaReflectionManager.java:56)evel - HCANN000001: Hibernate Commons Annotations {5.1.2.Final} 
2022-02-24 18:47:27:334 org.hibernate.dialect.Dialect.<init>(Dialect.java:175)evel - HHH000400: Using dialect: org.hibernate.dialect.PostgreSQLDialect 
2022-02-24 18:49:13:195 org.hibernate.engine.transaction.jta.platform.internal.JtaPlatformInitiator.initiateService(JtaPlatformInitiator.java:52)evel - HHH000490: Using JtaPlatform implementation: [org.hibernate.engine.transaction.jta.platform.internal.NoJtaPlatform] 
2022-02-24 19:02:14:883 com.ncert.survey.utils.SignatureUtil.isSignatureValid(SignatureUtil.java:149)evel - Received Signature:bSmJOKG4R9an1RK+od/3L5ePPKqh7WQ/Ex4zgdUOUkg= 
2022-02-24 19:02:14:884 com.ncert.survey.utils.SignatureUtil.isSignatureValid(SignatureUtil.java:150)evel - Derived Signature:bSmJOKG4R9an1RK+od/3L5ePPKqh7WQ/Ex4zgdUOUkg= 
2022-02-24 19:02:14:895 com.ncert.survey.businessMgr.SurveyMgrImpl.appVersionData(SurveyMgrImpl.java:1132)evel - ------------------------------- SurveyMgrImpl : AppData --------------------------- 
2022-02-24 19:24:06:703 org.hibernate.jpa.internal.util.LogHelper.logPersistenceUnitInformation(LogHelper.java:31)evel - HHH000204: Processing PersistenceUnitInfo [name: default] 
2022-02-24 19:24:06:815 org.hibernate.Version.logVersion(Version.java:44)evel - HHH000412: Hibernate ORM core version 5.4.32.Final 
2022-02-24 19:24:07:027 org.hibernate.annotations.common.reflection.java.JavaReflectionManager.<clinit>(JavaReflectionManager.java:56)evel - HCANN000001: Hibernate Commons Annotations {5.1.2.Final} 
2022-02-24 19:24:12:562 org.hibernate.dialect.Dialect.<init>(Dialect.java:175)evel - HHH000400: Using dialect: org.hibernate.dialect.PostgreSQLDialect 
2022-02-24 19:25:44:109 org.hibernate.engine.transaction.jta.platform.internal.JtaPlatformInitiator.initiateService(JtaPlatformInitiator.java:52)evel - HHH000490: Using JtaPlatform implementation: [org.hibernate.engine.transaction.jta.platform.internal.NoJtaPlatform] 
2022-02-24 19:26:00:073 com.ncert.survey.utils.SignatureUtil.isSignatureValid(SignatureUtil.java:149)evel - Received Signature:NKV7ud/H0lj9X6aRqrT87vK6+B9SadMpAk5BnvV7cB0= 
2022-02-24 19:26:00:074 com.ncert.survey.utils.SignatureUtil.isSignatureValid(SignatureUtil.java:150)evel - Derived Signature:NKV7ud/H0lj9X6aRqrT87vK6+B9SadMpAk5BnvV7cB0= 
2022-02-24 19:26:00:083 com.ncert.survey.businessMgr.SurveyMgrImpl.appVersionData(SurveyMgrImpl.java:1132)evel - ------------------------------- SurveyMgrImpl : AppData --------------------------- 
2022-02-24 19:29:02:899 org.hibernate.jpa.internal.util.LogHelper.logPersistenceUnitInformation(LogHelper.java:31)evel - HHH000204: Processing PersistenceUnitInfo [name: default] 
2022-02-24 19:29:02:973 org.hibernate.Version.logVersion(Version.java:44)evel - HHH000412: Hibernate ORM core version 5.4.32.Final 
2022-02-24 19:29:03:175 org.hibernate.annotations.common.reflection.java.JavaReflectionManager.<clinit>(JavaReflectionManager.java:56)evel - HCANN000001: Hibernate Commons Annotations {5.1.2.Final} 
2022-02-24 19:29:09:048 org.hibernate.dialect.Dialect.<init>(Dialect.java:175)evel - HHH000400: Using dialect: org.hibernate.dialect.PostgreSQLDialect 
2022-02-24 19:30:42:542 org.hibernate.engine.transaction.jta.platform.internal.JtaPlatformInitiator.initiateService(JtaPlatformInitiator.java:52)evel - HHH000490: Using JtaPlatform implementation: [org.hibernate.engine.transaction.jta.platform.internal.NoJtaPlatform] 
2022-02-24 19:32:16:002 org.hibernate.jpa.internal.util.LogHelper.logPersistenceUnitInformation(LogHelper.java:31)evel - HHH000204: Processing PersistenceUnitInfo [name: default] 
2022-02-24 19:32:16:058 org.hibernate.Version.logVersion(Version.java:44)evel - HHH000412: Hibernate ORM core version 5.4.32.Final 
2022-02-24 19:32:16:222 org.hibernate.annotations.common.reflection.java.JavaReflectionManager.<clinit>(JavaReflectionManager.java:56)evel - HCANN000001: Hibernate Commons Annotations {5.1.2.Final} 
2022-02-24 19:32:22:836 org.hibernate.dialect.Dialect.<init>(Dialect.java:175)evel - HHH000400: Using dialect: org.hibernate.dialect.PostgreSQLDialect 
2022-02-24 19:33:49:185 org.hibernate.engine.transaction.jta.platform.internal.JtaPlatformInitiator.initiateService(JtaPlatformInitiator.java:52)evel - HHH000490: Using JtaPlatform implementation: [org.hibernate.engine.transaction.jta.platform.internal.NoJtaPlatform] 
2022-02-24 19:34:11:926 com.ncert.survey.utils.SignatureUtil.isSignatureValid(SignatureUtil.java:149)evel - Received Signature:vkivY6TX+Kik0BF1/lW638kB4fzCzkShIhJAU3Lk+gc= 
2022-02-24 19:34:11:927 com.ncert.survey.utils.SignatureUtil.isSignatureValid(SignatureUtil.java:150)evel - Derived Signature:vkivY6TX+Kik0BF1/lW638kB4fzCzkShIhJAU3Lk+gc= 
2022-02-24 19:34:11:934 com.ncert.survey.businessMgr.SurveyMgrImpl.appVersionData(SurveyMgrImpl.java:1132)evel - ------------------------------- SurveyMgrImpl : AppData --------------------------- 
